<?xml version="1.0" encoding="UTF-8"?>
<testng-results ignored="0" total="1" passed="1" failed="0" skipped="0">
  <reporter-output>
  </reporter-output>
  <suite started-at="2025-03-03T22:31:44 IST" name="Default suite" finished-at="2025-03-03T22:32:04 IST" duration-ms="20067">
    <groups>
      <group name="cucumber">
        <method signature="AbstractTestNGCucumberTests.runScenario(io.cucumber.testng.PickleWrapper,io.cucumber.testng.FeatureWrapper)[pri:0, instance:runner.loginrunner@8519cb4]" name="runScenario" class="io.cucumber.testng.AbstractTestNGCucumberTests"/>
      </group> <!-- cucumber -->
    </groups>
    <test started-at="2025-03-03T22:31:44 IST" name="Default test" finished-at="2025-03-03T22:32:04 IST" duration-ms="20067">
      <class name="runner.loginrunner">
        <test-method is-config="true" signature="setUpClass(org.testng.ITestContext)[pri:0, instance:runner.loginrunner@8519cb4]" started-at="2025-03-03T22:31:44 IST" name="setUpClass" finished-at="2025-03-03T22:31:44 IST" duration-ms="367" status="PASS">
          <params>
            <param index="0">
              <value>
                <![CDATA[org.testng.TestRunner@28dd81ad]]>
              </value>
            </param>
          </params>
          <reporter-output>
          </reporter-output>
        </test-method> <!-- setUpClass -->
        <test-method signature="runScenario(io.cucumber.testng.PickleWrapper,io.cucumber.testng.FeatureWrapper)[pri:0, instance:runner.loginrunner@8519cb4]" started-at="2025-03-03T22:31:44 IST" name="runScenario" description="Runs Cucumber Scenarios" data-provider="scenarios" finished-at="2025-03-03T22:32:04 IST" duration-ms="19631" status="PASS">
          <params>
            <param index="0">
              <value>
                <![CDATA["ab testing is done"]]>
              </value>
            </param>
            <param index="1">
              <value>
                <![CDATA["Form functionality"]]>
              </value>
            </param>
          </params>
          <reporter-output>
          </reporter-output>
        </test-method> <!-- runScenario -->
        <test-method is-config="true" signature="tearDownClass()[pri:0, instance:runner.loginrunner@8519cb4]" started-at="2025-03-03T22:32:04 IST" name="tearDownClass" finished-at="2025-03-03T22:32:04 IST" duration-ms="39" status="PASS">
          <reporter-output>
          </reporter-output>
        </test-method> <!-- tearDownClass -->
      </class> <!-- runner.loginrunner -->
    </test> <!-- Default test -->
  </suite> <!-- Default suite -->
</testng-results>
